<component name="libraryTable">
  <library name="junit-platform-commons-1.9.1">
    <CLASSES>
      <root url="jar://D:/программы для Светы/junit-platform-commons-1.9.1.jar!/" />
      <root url="jar://D:/программы для Светы/junit-jupiter-api-5.9.1.jar!/" />
    </CLASSES>
    <JAVADOC />
    <SOURCES>
      <root url="file://$PROJECT_DIR$/src" />
      <root url="file://$PROJECT_DIR$/src/Tests" />
    </SOURCES>
  </library>
</component>